<?xml version="1.0" encoding="UTF-8"?>
<testsuite name="HandBagTest" tests="8" skipped="0" failures="0" errors="0" timestamp="2022-10-09T22:41:57" hostname="DESKTOP-UKC8MJN" time="0.011">
  <properties/>
  <testcase name="TestSetColor" classname="HandBagTest" time="0.005"/>
  <testcase name="testGetColor" classname="HandBagTest" time="0.001"/>
  <testcase name="TestEnhance" classname="HandBagTest" time="0.0"/>
  <testcase name="TestGetCapacity" classname="HandBagTest" time="0.0"/>
  <testcase name="TestIncreaseCapacity" classname="HandBagTest" time="0.001"/>
  <testcase name="testGetNumberOfContentsPop" classname="HandBagTest" time="0.001"/>
  <testcase name="testGetNumberOfContentsNonEmpty" classname="HandBagTest" time="0.001"/>
  <testcase name="testGetNumberOfContentsEmpty" classname="HandBagTest" time="0.001"/>
  <system-out><![CDATA[]]></system-out>
  <system-err><![CDATA[]]></system-err>
</testsuite>
